<?xml version="1.0" encoding="UTF-8"?>
<testsuite xmlns:xsi="http://www.w3.org/2001/XMLSchema-instance" xsi:noNamespaceSchemaLocation="https://maven.apache.org/surefire/maven-surefire-plugin/xsd/surefire-test-report.xsd" name="suites.PeopleSuite" time="0.055" tests="12" errors="0" skipped="0" failures="0">
  <properties>
    <property name="java.specification.version" value="14"/>
    <property name="sun.jnu.encoding" value="UTF-8"/>
    <property name="java.class.path" value="/home/irina/MyFirstMaven/target/test-classes:/home/irina/MyFirstMaven/target/classes:/home/irina/.m2/repository/junit/junit/4.13.2/junit-4.13.2.jar:/home/irina/.m2/repository/org/hamcrest/hamcrest-core/1.3/hamcrest-core-1.3.jar:"/>
    <property name="java.vm.vendor" value="Oracle Corporation"/>
    <property name="sun.arch.data.model" value="64"/>
    <property name="java.vendor.url" value="https://java.oracle.com/"/>
    <property name="os.name" value="Linux"/>
    <property name="java.vm.specification.version" value="14"/>
    <property name="sun.java.launcher" value="SUN_STANDARD"/>
    <property name="user.country" value="RU"/>
    <property name="sun.boot.library.path" value="/usr/lib/jvm/jdk-14/lib"/>
    <property name="sun.java.command" value="/home/irina/MyFirstMaven/target/surefire/surefirebooter12966798342416190399.jar /home/irina/MyFirstMaven/target/surefire 2021-11-21T15-54-33_669-jvmRun1 surefire18222177479894448943tmp surefire_01682649957163545631tmp"/>
    <property name="jdk.debug" value="release"/>
    <property name="surefire.test.class.path" value="/home/irina/MyFirstMaven/target/test-classes:/home/irina/MyFirstMaven/target/classes:/home/irina/.m2/repository/junit/junit/4.13.2/junit-4.13.2.jar:/home/irina/.m2/repository/org/hamcrest/hamcrest-core/1.3/hamcrest-core-1.3.jar:"/>
    <property name="sun.cpu.endian" value="little"/>
    <property name="user.home" value="/home/irina"/>
    <property name="user.language" value="ru"/>
    <property name="java.specification.vendor" value="Oracle Corporation"/>
    <property name="java.version.date" value="2020-03-17"/>
    <property name="java.home" value="/usr/lib/jvm/jdk-14"/>
    <property name="file.separator" value="/"/>
    <property name="basedir" value="/home/irina/MyFirstMaven"/>
    <property name="java.vm.compressedOopsMode" value="Zero based"/>
    <property name="line.separator" value="&#10;"/>
    <property name="java.vm.specification.vendor" value="Oracle Corporation"/>
    <property name="java.specification.name" value="Java Platform API Specification"/>
    <property name="surefire.real.class.path" value="/home/irina/MyFirstMaven/target/surefire/surefirebooter12966798342416190399.jar"/>
    <property name="sun.management.compiler" value="HotSpot 64-Bit Tiered Compilers"/>
    <property name="java.runtime.version" value="14+36-1461"/>
    <property name="user.name" value="irina"/>
    <property name="path.separator" value=":"/>
    <property name="os.version" value="5.11.0-40-generic"/>
    <property name="java.runtime.name" value="OpenJDK Runtime Environment"/>
    <property name="file.encoding" value="UTF-8"/>
    <property name="java.vm.name" value="OpenJDK 64-Bit Server VM"/>
    <property name="localRepository" value="/home/irina/.m2/repository"/>
    <property name="java.vendor.url.bug" value="https://bugreport.java.com/bugreport/"/>
    <property name="java.io.tmpdir" value="/tmp"/>
    <property name="java.version" value="14"/>
    <property name="user.dir" value="/home/irina/MyFirstMaven"/>
    <property name="os.arch" value="amd64"/>
    <property name="java.vm.specification.name" value="Java Virtual Machine Specification"/>
    <property name="java.library.path" value="/usr/java/packages/lib:/usr/lib64:/lib64:/lib:/usr/lib"/>
    <property name="java.vm.info" value="mixed mode, sharing"/>
    <property name="java.vendor" value="Oracle Corporation"/>
    <property name="java.vm.version" value="14+36-1461"/>
    <property name="sun.io.unicode.encoding" value="UnicodeLittle"/>
    <property name="java.class.version" value="58.0"/>
  </properties>
  <testcase name="manualTestExperienceNew" classname="people.ManualTestAge" time="0.004"/>
  <testcase name="manualTestSkills" classname="people.ManualTestAge" time="0"/>
  <testcase name="setterTestAge" classname="people.ManualTestAge" time="0"/>
  <testcase name="manualTestAge" classname="people.ManualTestAge" time="0"/>
  <testcase name="setterTestExperience" classname="people.ManualTestAge" time="0"/>
  <testcase name="setterTestSkills" classname="people.ManualTestAge" time="0"/>
  <testcase name="automatedTestAge" classname="people.AutomatedEngineerTest" time="0"/>
  <testcase name="automatedTestSkills" classname="people.AutomatedEngineerTest" time="0.001"/>
  <testcase name="setterTestAge" classname="people.AutomatedEngineerTest" time="0"/>
  <testcase name="automatedTestExperienceNew" classname="people.AutomatedEngineerTest" time="0.001"/>
  <testcase name="setterTestExperience" classname="people.AutomatedEngineerTest" time="0"/>
  <testcase name="setterTestSkills" classname="people.AutomatedEngineerTest" time="0"/>
</testsuite>